<?xml version="1.0" encoding="UTF-8"?>
<Site BuildName="(empty)"
	BuildStamp="20220410-1331-Experimental"
	Name="(empty)"
	Generator="ctest-3.20.21032501-MSVC_2"
	CompilerName=""
	CompilerVersion=""
	OSName="Windows"
	Hostname="LAPTOP-IM0766V6"
	OSRelease=" Personal"
	OSVersion=" (Build 19044)"
	OSPlatform="AMD64"
	Is64Bits="1"
	VendorString="GenuineIntel"
	VendorID="Intel Corporation"
	FamilyID="6"
	ModelID="14"
	ProcessorCacheSize="-1"
	NumberOfLogicalCPU="4"
	NumberOfPhysicalCPU="2"
	TotalVirtualMemory="13442"
	TotalPhysicalMemory="8066"
	LogicalProcessorsPerPhysical="2"
	ProcessorClockFrequency="2712"
	>
	<Testing>
		<StartDateTime>Apr 10 23:38 Hora Padr[NON-UTF-8-BYTE-0xE3]o: Austr[NON-UTF-8-BYTE-0xE1]lia Central</StartDateTime>
		<StartTestTime>1649599707</StartTestTime>
		<TestList/>
		<EndDateTime>Apr 10 23:38 Hora Padr[NON-UTF-8-BYTE-0xE3]o: Austr[NON-UTF-8-BYTE-0xE1]lia Central</EndDateTime>
		<EndTestTime>1649599707</EndTestTime>
		<ElapsedMinutes>0</ElapsedMinutes>
	</Testing>
</Site>
